Release 14.2 Map P.28xd (nt64)
Xilinx Mapping Report File for Design 'Main'

Design Information
------------------
Command Line   : map -intstyle ise -p xc3s500e-fg320-5 -cm area -ir off -pr off
-c 100 -o Main_map.ncd Main.ngd Main.pcf 
Target Device  : xc3s500e
Target Package : fg320
Target Speed   : -5
Mapper Version : spartan3e -- $Revision: 1.55 $
Mapped Date    : Sun Apr 17 20:55:12 2016

Design Summary
--------------
Number of errors:      0
Number of warnings:    0
Logic Utilization:
  Number of Slice Flip Flops:            65 out of   9,312    1%
  Number of 4 input LUTs:               425 out of   9,312    4%
Logic Distribution:
  Number of occupied Slices:            227 out of   4,656    4%
    Number of Slices containing only related logic:     227 out of     227 100%
    Number of Slices containing unrelated logic:          0 out of     227   0%
      *See NOTES below for an explanation of the effects of unrelated logic.
  Total Number of 4 input LUTs:         429 out of   9,312    4%
    Number used as logic:               425
    Number used as a route-thru:          4

  The Slice Logic Distribution report is not meaningful if the design is
  over-mapped for a non-slice resource or if Placement fails.

  Number of bonded IOBs:                110 out of     232   47%
  Number of BUFGMUXs:                     1 out of      24    4%

  Number of RPM macros:            5
Average Fanout of Non-Clock Nets:                2.46

Peak Memory Usage:  304 MB
Total REAL time to MAP completion:  3 secs 
Total CPU time to MAP completion:   1 secs 

NOTES:

   Related logic is defined as being logic that shares connectivity - e.g. two
   LUTs are "related" if they share common inputs.  When assembling slices,
   Map gives priority to combine logic that is related.  Doing so results in
   the best timing performance.

   Unrelated logic shares no connectivity.  Map will only begin packing
   unrelated logic into a slice once 99% of the slices are occupied through
   related logic packing.

   Note that once logic distribution reaches the 99% level through related
   logic packing, this does not mean the device is completely utilized.
   Unrelated logic packing will then begin, continuing until all usable LUTs
   and FFs are occupied.  Depending on your timing budget, increased levels of
   unrelated logic packing may adversely affect the overall timing performance
   of your design.

Table of Contents
-----------------
Section 1 - Errors
Section 2 - Warnings
Section 3 - Informational
Section 4 - Removed Logic Summary
Section 5 - Removed Logic
Section 6 - IOB Properties
Section 7 - RPMs
Section 8 - Guide Report
Section 9 - Area Group and Partition Summary
Section 10 - Timing Report
Section 11 - Configuration String Information
Section 12 - Control Set Information
Section 13 - Utilization by Hierarchy

Section 1 - Errors
------------------

Section 2 - Warnings
--------------------

Section 3 - Informational
-------------------------
INFO:LIT:243 - Logical network Cart2Pol/XLXI_14/XLXI_16/CEO has no load.
INFO:MapLib:562 - No environment variables are currently set.
INFO:LIT:244 - All of the single ended outputs in this design are using slew
   rate limited output drivers. The delay on speed critical single ended outputs
   can be dramatically reduced by designating them as fast outputs.

Section 4 - Removed Logic Summary
---------------------------------
   1 block(s) removed
   3 block(s) optimized away
   1 signal(s) removed

Section 5 - Removed Logic
-------------------------

The trimmed logic report below shows the logic removed from your design due to
sourceless or loadless signals, and VCC or ground connections.  If the removal
of a signal or symbol results in the subsequent removal of an additional signal
or symbol, the message explaining that second removal will be indented.  This
indentation will be repeated as a chain of related logic is removed.

To quickly locate the original cause for the removal of a chain of logic, look
above the place where that logic is listed in the trimming report, then locate
the lines that are least indented (begin at the leftmost edge).

The signal "Cart2Pol/XLXI_14/XLXI_16/CEO" is sourceless and has been removed.
Unused block "Cart2Pol/XLXI_14/XLXI_16/I_36_67" (AND) removed.

Optimized Block(s):
TYPE 		BLOCK
VCC 		Cart2Pol/XLXI_14/XLXI_16/I_36_58
GND 		XST_GND
VCC 		XST_VCC

To enable printing of redundant blocks removed and signals merged, set the
detailed map report option and rerun map.

Section 6 - IOB Properties
--------------------------

+---------------------------------------------------------------------------------------------------------------------------------------------------------+
| IOB Name                           | Type             | Direction | IO Standard          | Diff  | Drive    | Slew | Reg (s)      | Resistor | IOB      |
|                                    |                  |           |                      | Term  | Strength | Rate |              |          | Delay    |
+---------------------------------------------------------------------------------------------------------------------------------------------------------+
| CLK                                | IBUF             | INPUT     | LVCMOS25             |       |          |      |              |          | 0 / 0    |
| R_Offset<0>                        | IBUF             | INPUT     | LVCMOS25             |       |          |      |              |          | 0 / 0    |
| R_Offset<1>                        | IBUF             | INPUT     | LVCMOS25             |       |          |      |              |          | 0 / 0    |
| R_Offset<2>                        | IBUF             | INPUT     | LVCMOS25             |       |          |      |              |          | 0 / 0    |
| R_Offset<3>                        | IBUF             | INPUT     | LVCMOS25             |       |          |      |              |          | 0 / 0    |
| R_Offset<4>                        | IBUF             | INPUT     | LVCMOS25             |       |          |      |              |          | 0 / 0    |
| R_Offset<5>                        | IBUF             | INPUT     | LVCMOS25             |       |          |      |              |          | 0 / 0    |
| R_Offset<6>                        | IBUF             | INPUT     | LVCMOS25             |       |          |      |              |          | 0 / 0    |
| R_Offset<7>                        | IBUF             | INPUT     | LVCMOS25             |       |          |      |              |          | 0 / 0    |
| R_Offset<8>                        | IBUF             | INPUT     | LVCMOS25             |       |          |      |              |          | 0 / 0    |
| R_Offset<9>                        | IBUF             | INPUT     | LVCMOS25             |       |          |      |              |          | 0 / 0    |
| R_Offset<10>                       | IBUF             | INPUT     | LVCMOS25             |       |          |      |              |          | 0 / 0    |
| R_Offset<11>                       | IBUF             | INPUT     | LVCMOS25             |       |          |      |              |          | 0 / 0    |
| R_Otp<0>                           | IOB              | OUTPUT    | LVCMOS25             |       | 12       | SLOW |              |          | 0 / 0    |
| R_Otp<1>                           | IOB              | OUTPUT    | LVCMOS25             |       | 12       | SLOW |              |          | 0 / 0    |
| R_Otp<2>                           | IOB              | OUTPUT    | LVCMOS25             |       | 12       | SLOW |              |          | 0 / 0    |
| R_Otp<3>                           | IOB              | OUTPUT    | LVCMOS25             |       | 12       | SLOW |              |          | 0 / 0    |
| R_Otp<4>                           | IOB              | OUTPUT    | LVCMOS25             |       | 12       | SLOW |              |          | 0 / 0    |
| R_Otp<5>                           | IOB              | OUTPUT    | LVCMOS25             |       | 12       | SLOW |              |          | 0 / 0    |
| R_Otp<6>                           | IOB              | OUTPUT    | LVCMOS25             |       | 12       | SLOW |              |          | 0 / 0    |
| R_Otp<7>                           | IOB              | OUTPUT    | LVCMOS25             |       | 12       | SLOW |              |          | 0 / 0    |
| R_Otp<8>                           | IOB              | OUTPUT    | LVCMOS25             |       | 12       | SLOW |              |          | 0 / 0    |
| R_Otp<9>                           | IOB              | OUTPUT    | LVCMOS25             |       | 12       | SLOW |              |          | 0 / 0    |
| R_Otp<10>                          | IOB              | OUTPUT    | LVCMOS25             |       | 12       | SLOW |              |          | 0 / 0    |
| R_Otp<11>                          | IOB              | OUTPUT    | LVCMOS25             |       | 12       | SLOW |              |          | 0 / 0    |
| Start                              | IBUF             | INPUT     | LVCMOS25             |       |          |      |              |          | 0 / 0    |
| The_Offset<0>                      | IBUF             | INPUT     | LVCMOS25             |       |          |      |              |          | 0 / 0    |
| The_Offset<1>                      | IBUF             | INPUT     | LVCMOS25             |       |          |      |              |          | 0 / 0    |
| The_Offset<2>                      | IBUF             | INPUT     | LVCMOS25             |       |          |      |              |          | 0 / 0    |
| The_Offset<3>                      | IBUF             | INPUT     | LVCMOS25             |       |          |      |              |          | 0 / 0    |
| The_Offset<4>                      | IBUF             | INPUT     | LVCMOS25             |       |          |      |              |          | 0 / 0    |
| The_Offset<5>                      | IBUF             | INPUT     | LVCMOS25             |       |          |      |              |          | 0 / 0    |
| The_Offset<6>                      | IBUF             | INPUT     | LVCMOS25             |       |          |      |              |          | 0 / 0    |
| The_Offset<7>                      | IBUF             | INPUT     | LVCMOS25             |       |          |      |              |          | 0 / 0    |
| The_Offset<8>                      | IBUF             | INPUT     | LVCMOS25             |       |          |      |              |          | 0 / 0    |
| The_Offset<9>                      | IBUF             | INPUT     | LVCMOS25             |       |          |      |              |          | 0 / 0    |
| The_Offset<10>                     | IBUF             | INPUT     | LVCMOS25             |       |          |      |              |          | 0 / 0    |
| The_Offset<11>                     | IBUF             | INPUT     | LVCMOS25             |       |          |      |              |          | 0 / 0    |
| The_Otp<0>                         | IOB              | OUTPUT    | LVCMOS25             |       | 12       | SLOW |              |          | 0 / 0    |
| The_Otp<1>                         | IOB              | OUTPUT    | LVCMOS25             |       | 12       | SLOW |              |          | 0 / 0    |
| The_Otp<2>                         | IOB              | OUTPUT    | LVCMOS25             |       | 12       | SLOW |              |          | 0 / 0    |
| The_Otp<3>                         | IOB              | OUTPUT    | LVCMOS25             |       | 12       | SLOW |              |          | 0 / 0    |
| The_Otp<4>                         | IOB              | OUTPUT    | LVCMOS25             |       | 12       | SLOW |              |          | 0 / 0    |
| The_Otp<5>                         | IOB              | OUTPUT    | LVCMOS25             |       | 12       | SLOW |              |          | 0 / 0    |
| The_Otp<6>                         | IOB              | OUTPUT    | LVCMOS25             |       | 12       | SLOW |              |          | 0 / 0    |
| The_Otp<7>                         | IOB              | OUTPUT    | LVCMOS25             |       | 12       | SLOW |              |          | 0 / 0    |
| The_Otp<8>                         | IOB              | OUTPUT    | LVCMOS25             |       | 12       | SLOW |              |          | 0 / 0    |
| The_Otp<9>                         | IOB              | OUTPUT    | LVCMOS25             |       | 12       | SLOW |              |          | 0 / 0    |
| The_Otp<10>                        | IOB              | OUTPUT    | LVCMOS25             |       | 12       | SLOW |              |          | 0 / 0    |
| The_Otp<11>                        | IOB              | OUTPUT    | LVCMOS25             |       | 12       | SLOW |              |          | 0 / 0    |
| X_Inp<0>                           | IBUF             | INPUT     | LVCMOS25             |       |          |      |              |          | 0 / 0    |
| X_Inp<1>                           | IBUF             | INPUT     | LVCMOS25             |       |          |      |              |          | 0 / 0    |
| X_Inp<2>                           | IBUF             | INPUT     | LVCMOS25             |       |          |      |              |          | 0 / 0    |
| X_Inp<3>                           | IBUF             | INPUT     | LVCMOS25             |       |          |      |              |          | 0 / 0    |
| X_Inp<4>                           | IBUF             | INPUT     | LVCMOS25             |       |          |      |              |          | 0 / 0    |
| X_Inp<5>                           | IBUF             | INPUT     | LVCMOS25             |       |          |      |              |          | 0 / 0    |
| X_Inp<6>                           | IBUF             | INPUT     | LVCMOS25             |       |          |      |              |          | 0 / 0    |
| X_Inp<7>                           | IBUF             | INPUT     | LVCMOS25             |       |          |      |              |          | 0 / 0    |
| X_Inp<8>                           | IBUF             | INPUT     | LVCMOS25             |       |          |      |              |          | 0 / 0    |
| X_Inp<9>                           | IBUF             | INPUT     | LVCMOS25             |       |          |      |              |          | 0 / 0    |
| X_Inp<10>                          | IBUF             | INPUT     | LVCMOS25             |       |          |      |              |          | 0 / 0    |
| X_Inp<11>                          | IBUF             | INPUT     | LVCMOS25             |       |          |      |              |          | 0 / 0    |
| X_Offset<0>                        | IBUF             | INPUT     | LVCMOS25             |       |          |      |              |          | 0 / 0    |
| X_Offset<1>                        | IBUF             | INPUT     | LVCMOS25             |       |          |      |              |          | 0 / 0    |
| X_Offset<2>                        | IBUF             | INPUT     | LVCMOS25             |       |          |      |              |          | 0 / 0    |
| X_Offset<3>                        | IBUF             | INPUT     | LVCMOS25             |       |          |      |              |          | 0 / 0    |
| X_Offset<4>                        | IBUF             | INPUT     | LVCMOS25             |       |          |      |              |          | 0 / 0    |
| X_Offset<5>                        | IBUF             | INPUT     | LVCMOS25             |       |          |      |              |          | 0 / 0    |
| X_Offset<6>                        | IBUF             | INPUT     | LVCMOS25             |       |          |      |              |          | 0 / 0    |
| X_Offset<7>                        | IBUF             | INPUT     | LVCMOS25             |       |          |      |              |          | 0 / 0    |
| X_Offset<8>                        | IBUF             | INPUT     | LVCMOS25             |       |          |      |              |          | 0 / 0    |
| X_Offset<9>                        | IBUF             | INPUT     | LVCMOS25             |       |          |      |              |          | 0 / 0    |
| X_Offset<10>                       | IBUF             | INPUT     | LVCMOS25             |       |          |      |              |          | 0 / 0    |
| X_Offset<11>                       | IBUF             | INPUT     | LVCMOS25             |       |          |      |              |          | 0 / 0    |
| Y_Inp<0>                           | IBUF             | INPUT     | LVCMOS25             |       |          |      |              |          | 0 / 0    |
| Y_Inp<1>                           | IBUF             | INPUT     | LVCMOS25             |       |          |      |              |          | 0 / 0    |
| Y_Inp<2>                           | IBUF             | INPUT     | LVCMOS25             |       |          |      |              |          | 0 / 0    |
| Y_Inp<3>                           | IBUF             | INPUT     | LVCMOS25             |       |          |      |              |          | 0 / 0    |
| Y_Inp<4>                           | IBUF             | INPUT     | LVCMOS25             |       |          |      |              |          | 0 / 0    |
| Y_Inp<5>                           | IBUF             | INPUT     | LVCMOS25             |       |          |      |              |          | 0 / 0    |
| Y_Inp<6>                           | IBUF             | INPUT     | LVCMOS25             |       |          |      |              |          | 0 / 0    |
| Y_Inp<7>                           | IBUF             | INPUT     | LVCMOS25             |       |          |      |              |          | 0 / 0    |
| Y_Inp<8>                           | IBUF             | INPUT     | LVCMOS25             |       |          |      |              |          | 0 / 0    |
| Y_Inp<9>                           | IBUF             | INPUT     | LVCMOS25             |       |          |      |              |          | 0 / 0    |
| Y_Inp<10>                          | IBUF             | INPUT     | LVCMOS25             |       |          |      |              |          | 0 / 0    |
| Y_Inp<11>                          | IBUF             | INPUT     | LVCMOS25             |       |          |      |              |          | 0 / 0    |
| Y_Offset<0>                        | IBUF             | INPUT     | LVCMOS25             |       |          |      |              |          | 0 / 0    |
| Y_Offset<1>                        | IBUF             | INPUT     | LVCMOS25             |       |          |      |              |          | 0 / 0    |
| Y_Offset<2>                        | IBUF             | INPUT     | LVCMOS25             |       |          |      |              |          | 0 / 0    |
| Y_Offset<3>                        | IBUF             | INPUT     | LVCMOS25             |       |          |      |              |          | 0 / 0    |
| Y_Offset<4>                        | IBUF             | INPUT     | LVCMOS25             |       |          |      |              |          | 0 / 0    |
| Y_Offset<5>                        | IBUF             | INPUT     | LVCMOS25             |       |          |      |              |          | 0 / 0    |
| Y_Offset<6>                        | IBUF             | INPUT     | LVCMOS25             |       |          |      |              |          | 0 / 0    |
| Y_Offset<7>                        | IBUF             | INPUT     | LVCMOS25             |       |          |      |              |          | 0 / 0    |
| Y_Offset<8>                        | IBUF             | INPUT     | LVCMOS25             |       |          |      |              |          | 0 / 0    |
| Y_Offset<9>                        | IBUF             | INPUT     | LVCMOS25             |       |          |      |              |          | 0 / 0    |
| Y_Offset<10>                       | IBUF             | INPUT     | LVCMOS25             |       |          |      |              |          | 0 / 0    |
| Y_Offset<11>                       | IBUF             | INPUT     | LVCMOS25             |       |          |      |              |          | 0 / 0    |
| Y_Otp<0>                           | IOB              | OUTPUT    | LVCMOS25             |       | 12       | SLOW |              |          | 0 / 0    |
| Y_Otp<1>                           | IOB              | OUTPUT    | LVCMOS25             |       | 12       | SLOW |              |          | 0 / 0    |
| Y_Otp<2>                           | IOB              | OUTPUT    | LVCMOS25             |       | 12       | SLOW |              |          | 0 / 0    |
| Y_Otp<3>                           | IOB              | OUTPUT    | LVCMOS25             |       | 12       | SLOW |              |          | 0 / 0    |
| Y_Otp<4>                           | IOB              | OUTPUT    | LVCMOS25             |       | 12       | SLOW |              |          | 0 / 0    |
| Y_Otp<5>                           | IOB              | OUTPUT    | LVCMOS25             |       | 12       | SLOW |              |          | 0 / 0    |
| Y_Otp<6>                           | IOB              | OUTPUT    | LVCMOS25             |       | 12       | SLOW |              |          | 0 / 0    |
| Y_Otp<7>                           | IOB              | OUTPUT    | LVCMOS25             |       | 12       | SLOW |              |          | 0 / 0    |
| Y_Otp<8>                           | IOB              | OUTPUT    | LVCMOS25             |       | 12       | SLOW |              |          | 0 / 0    |
| Y_Otp<9>                           | IOB              | OUTPUT    | LVCMOS25             |       | 12       | SLOW |              |          | 0 / 0    |
| Y_Otp<10>                          | IOB              | OUTPUT    | LVCMOS25             |       | 12       | SLOW |              |          | 0 / 0    |
| Y_Otp<11>                          | IOB              | OUTPUT    | LVCMOS25             |       | 12       | SLOW |              |          | 0 / 0    |
+---------------------------------------------------------------------------------------------------------------------------------------------------------+

Section 7 - RPMs
----------------
Cart2Pol/XLXI_14/XLXI_16/XLXI_14/XLXI_16_I_Q0_5
Cart2Pol/XLXI_14/XLXI_16/XLXI_14/XLXI_16_I_Q1_6
Cart2Pol/XLXI_14/XLXI_16/XLXI_14/XLXI_16_I_Q2_7
Cart2Pol/XLXI_14/XLXI_16/XLXI_14/XLXI_16_I_Q3_8
Cart2Pol_XLXI_15_10                     

Section 8 - Guide Report
------------------------
Guide not run on this design.

Section 9 - Area Group and Partition Summary
--------------------------------------------

Partition Implementation Status
-------------------------------

  No Partitions were found in this design.

-------------------------------

Area Group Information
----------------------

  No area groups were found in this design.

----------------------

Section 10 - Timing Report
--------------------------
This design was not run using timing mode.

Section 11 - Configuration String Details
-----------------------------------------
Use the "-detail" map option to print out Configuration Strings

Section 12 - Control Set Information
------------------------------------
No control set information for this architecture.

Section 13 - Utilization by Hierarchy
-------------------------------------
Use the "-detail" map option to print out the Utilization by Hierarchy section.
