Release 14.2 - xst P.28xd (nt64)
Copyright (c) 1995-2012 Xilinx, Inc.  All rights reserved.
--> Parameter TMPDIR set to xst/projnav.tmp


Total REAL time to Xst completion: 1.00 secs
Total CPU time to Xst completion: 0.41 secs
 
--> Parameter xsthdpdir set to xst


Total REAL time to Xst completion: 1.00 secs
Total CPU time to Xst completion: 0.41 secs
 
--> Reading design: Counter_12.prj

TABLE OF CONTENTS
  1) Synthesis Options Summary
  2) HDL Compilation
  3) Design Hierarchy Analysis
  4) HDL Analysis
  5) HDL Synthesis
     5.1) HDL Synthesis Report
  6) Advanced HDL Synthesis
     6.1) Advanced HDL Synthesis Report
  7) Low Level Synthesis
  8) Partition Report
  9) Final Report
	9.1) Device utilization summary
	9.2) Partition Resource Summary
	9.3) TIMING REPORT


=========================================================================
*                      Synthesis Options Summary                        *
=========================================================================
---- Source Parameters
Input File Name                    : "Counter_12.prj"
Input Format                       : mixed
Ignore Synthesis Constraint File   : NO

---- Target Parameters
Output File Name                   : "Counter_12"
Output Format                      : NGC
Target Device                      : xc3s400-4-pq208

---- Source Options
Top Module Name                    : Counter_12
Automatic FSM Extraction           : YES
FSM Encoding Algorithm             : Auto
Safe Implementation                : No
FSM Style                          : LUT
RAM Extraction                     : Yes
RAM Style                          : Auto
ROM Extraction                     : Yes
Mux Style                          : Auto
Decoder Extraction                 : YES
Priority Encoder Extraction        : Yes
Shift Register Extraction          : YES
Logical Shifter Extraction         : YES
XOR Collapsing                     : YES
ROM Style                          : Auto
Mux Extraction                     : Yes
Resource Sharing                   : YES
Asynchronous To Synchronous        : NO
Multiplier Style                   : Auto
Automatic Register Balancing       : No

---- Target Options
Add IO Buffers                     : YES
Global Maximum Fanout              : 100000
Add Generic Clock Buffer(BUFG)     : 8
Register Duplication               : YES
Slice Packing                      : YES
Optimize Instantiated Primitives   : NO
Use Clock Enable                   : Yes
Use Synchronous Set                : Yes
Use Synchronous Reset              : Yes
Pack IO Registers into IOBs        : Auto
Equivalent register Removal        : YES

---- General Options
Optimization Goal                  : Speed
Optimization Effort                : 1
Keep Hierarchy                     : No
Netlist Hierarchy                  : As_Optimized
RTL Output                         : Yes
Global Optimization                : AllClockNets
Read Cores                         : YES
Write Timing Constraints           : NO
Cross Clock Analysis               : NO
Hierarchy Separator                : /
Bus Delimiter                      : <>
Case Specifier                     : Maintain
Slice Utilization Ratio            : 100
BRAM Utilization Ratio             : 100
Verilog 2001                       : YES
Auto BRAM Packing                  : NO
Slice Utilization Ratio Delta      : 5

=========================================================================


=========================================================================
*                          HDL Compilation                              *
=========================================================================
Compiling verilog file "Counter_12.vf" in library work
Module <NOR16_MXILINX_Counter_12> compiled
Module <FTCE_MXILINX_Counter_12> compiled
Module <CB16CE_MXILINX_Counter_12> compiled
Module <Counter_12> compiled
No errors in compilation
Analysis of file <"Counter_12.prj"> succeeded.
 

=========================================================================
*                     Design Hierarchy Analysis                         *
=========================================================================
Analyzing hierarchy for module <Counter_12> in library <work>.

Analyzing hierarchy for module <CB16CE_MXILINX_Counter_12> in library <work>.

Analyzing hierarchy for module <NOR16_MXILINX_Counter_12> in library <work>.

Analyzing hierarchy for module <FTCE_MXILINX_Counter_12> in library <work> with parameters.
	INIT = "0"

Analyzing hierarchy for module <FTCE_MXILINX_Counter_12> in library <work> with parameters.
	INIT = "0"

Analyzing hierarchy for module <FTCE_MXILINX_Counter_12> in library <work> with parameters.
	INIT = "0"

Analyzing hierarchy for module <FTCE_MXILINX_Counter_12> in library <work> with parameters.
	INIT = "0"

Analyzing hierarchy for module <FTCE_MXILINX_Counter_12> in library <work> with parameters.
	INIT = "0"

Analyzing hierarchy for module <FTCE_MXILINX_Counter_12> in library <work> with parameters.
	INIT = "0"

Analyzing hierarchy for module <FTCE_MXILINX_Counter_12> in library <work> with parameters.
	INIT = "0"

Analyzing hierarchy for module <FTCE_MXILINX_Counter_12> in library <work> with parameters.
	INIT = "0"

Analyzing hierarchy for module <FTCE_MXILINX_Counter_12> in library <work> with parameters.
	INIT = "0"

Analyzing hierarchy for module <FTCE_MXILINX_Counter_12> in library <work> with parameters.
	INIT = "0"

Analyzing hierarchy for module <FTCE_MXILINX_Counter_12> in library <work> with parameters.
	INIT = "0"

Analyzing hierarchy for module <FTCE_MXILINX_Counter_12> in library <work> with parameters.
	INIT = "0"

Analyzing hierarchy for module <FTCE_MXILINX_Counter_12> in library <work> with parameters.
	INIT = "0"

Analyzing hierarchy for module <FTCE_MXILINX_Counter_12> in library <work> with parameters.
	INIT = "0"

Analyzing hierarchy for module <FTCE_MXILINX_Counter_12> in library <work> with parameters.
	INIT = "0"

Analyzing hierarchy for module <FTCE_MXILINX_Counter_12> in library <work> with parameters.
	INIT = "0"


=========================================================================
*                            HDL Analysis                               *
=========================================================================
Analyzing top module <Counter_12>.
WARNING:Xst:852 - "Counter_12.vf" line 388: Unconnected input port 'CE' of instance 'XLXI_1' is tied to GND.
WARNING:Xst:852 - "Counter_12.vf" line 388: Unconnected input port 'CLR' of instance 'XLXI_1' is tied to GND.
Module <Counter_12> is correct for synthesis.
 
    Set user-defined property "HU_SET =  XLXI_1_16" for instance <XLXI_1> in unit <Counter_12>.
    Set user-defined property "HU_SET =  XLXI_2_17" for instance <XLXI_2> in unit <Counter_12>.
Analyzing module <CB16CE_MXILINX_Counter_12> in library <work>.
Module <CB16CE_MXILINX_Counter_12> is correct for synthesis.
 
    Set user-defined property "HU_SET =  I_Q0_1" for instance <I_Q0> in unit <CB16CE_MXILINX_Counter_12>.
    Set user-defined property "HU_SET =  I_Q1_0" for instance <I_Q1> in unit <CB16CE_MXILINX_Counter_12>.
    Set user-defined property "HU_SET =  I_Q10_10" for instance <I_Q10> in unit <CB16CE_MXILINX_Counter_12>.
    Set user-defined property "HU_SET =  I_Q11_11" for instance <I_Q11> in unit <CB16CE_MXILINX_Counter_12>.
    Set user-defined property "HU_SET =  I_Q12_12" for instance <I_Q12> in unit <CB16CE_MXILINX_Counter_12>.
    Set user-defined property "HU_SET =  I_Q13_13" for instance <I_Q13> in unit <CB16CE_MXILINX_Counter_12>.
    Set user-defined property "HU_SET =  I_Q14_14" for instance <I_Q14> in unit <CB16CE_MXILINX_Counter_12>.
    Set user-defined property "HU_SET =  I_Q15_15" for instance <I_Q15> in unit <CB16CE_MXILINX_Counter_12>.
    Set user-defined property "HU_SET =  I_Q2_3" for instance <I_Q2> in unit <CB16CE_MXILINX_Counter_12>.
    Set user-defined property "HU_SET =  I_Q3_2" for instance <I_Q3> in unit <CB16CE_MXILINX_Counter_12>.
    Set user-defined property "HU_SET =  I_Q4_7" for instance <I_Q4> in unit <CB16CE_MXILINX_Counter_12>.
    Set user-defined property "HU_SET =  I_Q5_6" for instance <I_Q5> in unit <CB16CE_MXILINX_Counter_12>.
    Set user-defined property "HU_SET =  I_Q6_5" for instance <I_Q6> in unit <CB16CE_MXILINX_Counter_12>.
    Set user-defined property "HU_SET =  I_Q7_4" for instance <I_Q7> in unit <CB16CE_MXILINX_Counter_12>.
    Set user-defined property "HU_SET =  I_Q8_8" for instance <I_Q8> in unit <CB16CE_MXILINX_Counter_12>.
    Set user-defined property "HU_SET =  I_Q9_9" for instance <I_Q9> in unit <CB16CE_MXILINX_Counter_12>.
Analyzing module <FTCE_MXILINX_Counter_12.1> in library <work>.
	INIT = 1'b0
Module <FTCE_MXILINX_Counter_12.1> is correct for synthesis.
 
    Set user-defined property "INIT =  0" for instance <I_36_35> in unit <FTCE_MXILINX_Counter_12.1>.
    Set user-defined property "RLOC =  X0Y0" for instance <I_36_35> in unit <FTCE_MXILINX_Counter_12.1>.
Analyzing module <FTCE_MXILINX_Counter_12.2> in library <work>.
	INIT = 1'b0
Module <FTCE_MXILINX_Counter_12.2> is correct for synthesis.
 
    Set user-defined property "INIT =  0" for instance <I_36_35> in unit <FTCE_MXILINX_Counter_12.2>.
    Set user-defined property "RLOC =  X0Y0" for instance <I_36_35> in unit <FTCE_MXILINX_Counter_12.2>.
Analyzing module <FTCE_MXILINX_Counter_12.3> in library <work>.
	INIT = 1'b0
Module <FTCE_MXILINX_Counter_12.3> is correct for synthesis.
 
    Set user-defined property "INIT =  0" for instance <I_36_35> in unit <FTCE_MXILINX_Counter_12.3>.
    Set user-defined property "RLOC =  X0Y0" for instance <I_36_35> in unit <FTCE_MXILINX_Counter_12.3>.
Analyzing module <FTCE_MXILINX_Counter_12.4> in library <work>.
	INIT = 1'b0
Module <FTCE_MXILINX_Counter_12.4> is correct for synthesis.
 
    Set user-defined property "INIT =  0" for instance <I_36_35> in unit <FTCE_MXILINX_Counter_12.4>.
    Set user-defined property "RLOC =  X0Y0" for instance <I_36_35> in unit <FTCE_MXILINX_Counter_12.4>.
Analyzing module <FTCE_MXILINX_Counter_12.5> in library <work>.
	INIT = 1'b0
Module <FTCE_MXILINX_Counter_12.5> is correct for synthesis.
 
    Set user-defined property "INIT =  0" for instance <I_36_35> in unit <FTCE_MXILINX_Counter_12.5>.
    Set user-defined property "RLOC =  X0Y0" for instance <I_36_35> in unit <FTCE_MXILINX_Counter_12.5>.
Analyzing module <FTCE_MXILINX_Counter_12.6> in library <work>.
	INIT = 1'b0
Module <FTCE_MXILINX_Counter_12.6> is correct for synthesis.
 
    Set user-defined property "INIT =  0" for instance <I_36_35> in unit <FTCE_MXILINX_Counter_12.6>.
    Set user-defined property "RLOC =  X0Y0" for instance <I_36_35> in unit <FTCE_MXILINX_Counter_12.6>.
Analyzing module <FTCE_MXILINX_Counter_12.7> in library <work>.
	INIT = 1'b0
Module <FTCE_MXILINX_Counter_12.7> is correct for synthesis.
 
    Set user-defined property "INIT =  0" for instance <I_36_35> in unit <FTCE_MXILINX_Counter_12.7>.
    Set user-defined property "RLOC =  X0Y0" for instance <I_36_35> in unit <FTCE_MXILINX_Counter_12.7>.
Analyzing module <FTCE_MXILINX_Counter_12.8> in library <work>.
	INIT = 1'b0
Module <FTCE_MXILINX_Counter_12.8> is correct for synthesis.
 
    Set user-defined property "INIT =  0" for instance <I_36_35> in unit <FTCE_MXILINX_Counter_12.8>.
    Set user-defined property "RLOC =  X0Y0" for instance <I_36_35> in unit <FTCE_MXILINX_Counter_12.8>.
Analyzing module <FTCE_MXILINX_Counter_12.9> in library <work>.
	INIT = 1'b0
Module <FTCE_MXILINX_Counter_12.9> is correct for synthesis.
 
    Set user-defined property "INIT =  0" for instance <I_36_35> in unit <FTCE_MXILINX_Counter_12.9>.
    Set user-defined property "RLOC =  X0Y0" for instance <I_36_35> in unit <FTCE_MXILINX_Counter_12.9>.
Analyzing module <FTCE_MXILINX_Counter_12.10> in library <work>.
	INIT = 1'b0
Module <FTCE_MXILINX_Counter_12.10> is correct for synthesis.
 
    Set user-defined property "INIT =  0" for instance <I_36_35> in unit <FTCE_MXILINX_Counter_12.10>.
    Set user-defined property "RLOC =  X0Y0" for instance <I_36_35> in unit <FTCE_MXILINX_Counter_12.10>.
Analyzing module <FTCE_MXILINX_Counter_12.11> in library <work>.
	INIT = 1'b0
Module <FTCE_MXILINX_Counter_12.11> is correct for synthesis.
 
    Set user-defined property "INIT =  0" for instance <I_36_35> in unit <FTCE_MXILINX_Counter_12.11>.
    Set user-defined property "RLOC =  X0Y0" for instance <I_36_35> in unit <FTCE_MXILINX_Counter_12.11>.
Analyzing module <FTCE_MXILINX_Counter_12.12> in library <work>.
	INIT = 1'b0
Module <FTCE_MXILINX_Counter_12.12> is correct for synthesis.
 
    Set user-defined property "INIT =  0" for instance <I_36_35> in unit <FTCE_MXILINX_Counter_12.12>.
    Set user-defined property "RLOC =  X0Y0" for instance <I_36_35> in unit <FTCE_MXILINX_Counter_12.12>.
Analyzing module <FTCE_MXILINX_Counter_12.13> in library <work>.
	INIT = 1'b0
Module <FTCE_MXILINX_Counter_12.13> is correct for synthesis.
 
    Set user-defined property "INIT =  0" for instance <I_36_35> in unit <FTCE_MXILINX_Counter_12.13>.
    Set user-defined property "RLOC =  X0Y0" for instance <I_36_35> in unit <FTCE_MXILINX_Counter_12.13>.
Analyzing module <FTCE_MXILINX_Counter_12.14> in library <work>.
	INIT = 1'b0
Module <FTCE_MXILINX_Counter_12.14> is correct for synthesis.
 
    Set user-defined property "INIT =  0" for instance <I_36_35> in unit <FTCE_MXILINX_Counter_12.14>.
    Set user-defined property "RLOC =  X0Y0" for instance <I_36_35> in unit <FTCE_MXILINX_Counter_12.14>.
Analyzing module <FTCE_MXILINX_Counter_12.15> in library <work>.
	INIT = 1'b0
Module <FTCE_MXILINX_Counter_12.15> is correct for synthesis.
 
    Set user-defined property "INIT =  0" for instance <I_36_35> in unit <FTCE_MXILINX_Counter_12.15>.
    Set user-defined property "RLOC =  X0Y0" for instance <I_36_35> in unit <FTCE_MXILINX_Counter_12.15>.
Analyzing module <FTCE_MXILINX_Counter_12.16> in library <work>.
	INIT = 1'b0
Module <FTCE_MXILINX_Counter_12.16> is correct for synthesis.
 
    Set user-defined property "INIT =  0" for instance <I_36_35> in unit <FTCE_MXILINX_Counter_12.16>.
    Set user-defined property "RLOC =  X0Y0" for instance <I_36_35> in unit <FTCE_MXILINX_Counter_12.16>.
Analyzing module <NOR16_MXILINX_Counter_12> in library <work>.
Module <NOR16_MXILINX_Counter_12> is correct for synthesis.
 
    Set user-defined property "RLOC =  X0Y0" for instance <I_36_2> in unit <NOR16_MXILINX_Counter_12>.
    Set user-defined property "RLOC =  X0Y0" for instance <I_36_29> in unit <NOR16_MXILINX_Counter_12>.
    Set user-defined property "RLOC =  X0Y0" for instance <I_36_129> in unit <NOR16_MXILINX_Counter_12>.
    Set user-defined property "RLOC =  X0Y0" for instance <I_36_138> in unit <NOR16_MXILINX_Counter_12>.
    Set user-defined property "RLOC =  X0Y1" for instance <I_36_142> in unit <NOR16_MXILINX_Counter_12>.
    Set user-defined property "RLOC =  X0Y1" for instance <I_36_147> in unit <NOR16_MXILINX_Counter_12>.
    Set user-defined property "RLOC =  X0Y1" for instance <I_36_165> in unit <NOR16_MXILINX_Counter_12>.
    Set user-defined property "RLOC =  X0Y1" for instance <I_36_170> in unit <NOR16_MXILINX_Counter_12>.

=========================================================================
*                           HDL Synthesis                               *
=========================================================================

Performing bidirectional port resolution...

Synthesizing Unit <NOR16_MXILINX_Counter_12>.
    Related source file is "Counter_12.vf".
Unit <NOR16_MXILINX_Counter_12> synthesized.


Synthesizing Unit <FTCE_MXILINX_Counter_12_1>.
    Related source file is "Counter_12.vf".
Unit <FTCE_MXILINX_Counter_12_1> synthesized.


Synthesizing Unit <FTCE_MXILINX_Counter_12_2>.
    Related source file is "Counter_12.vf".
Unit <FTCE_MXILINX_Counter_12_2> synthesized.


Synthesizing Unit <FTCE_MXILINX_Counter_12_3>.
    Related source file is "Counter_12.vf".
Unit <FTCE_MXILINX_Counter_12_3> synthesized.


Synthesizing Unit <FTCE_MXILINX_Counter_12_4>.
    Related source file is "Counter_12.vf".
Unit <FTCE_MXILINX_Counter_12_4> synthesized.


Synthesizing Unit <FTCE_MXILINX_Counter_12_5>.
    Related source file is "Counter_12.vf".
Unit <FTCE_MXILINX_Counter_12_5> synthesized.


Synthesizing Unit <FTCE_MXILINX_Counter_12_6>.
    Related source file is "Counter_12.vf".
Unit <FTCE_MXILINX_Counter_12_6> synthesized.


Synthesizing Unit <FTCE_MXILINX_Counter_12_7>.
    Related source file is "Counter_12.vf".
Unit <FTCE_MXILINX_Counter_12_7> synthesized.


Synthesizing Unit <FTCE_MXILINX_Counter_12_8>.
    Related source file is "Counter_12.vf".
Unit <FTCE_MXILINX_Counter_12_8> synthesized.


Synthesizing Unit <FTCE_MXILINX_Counter_12_9>.
    Related source file is "Counter_12.vf".
Unit <FTCE_MXILINX_Counter_12_9> synthesized.


Synthesizing Unit <FTCE_MXILINX_Counter_12_10>.
    Related source file is "Counter_12.vf".
Unit <FTCE_MXILINX_Counter_12_10> synthesized.


Synthesizing Unit <FTCE_MXILINX_Counter_12_11>.
    Related source file is "Counter_12.vf".
Unit <FTCE_MXILINX_Counter_12_11> synthesized.


Synthesizing Unit <FTCE_MXILINX_Counter_12_12>.
    Related source file is "Counter_12.vf".
Unit <FTCE_MXILINX_Counter_12_12> synthesized.


Synthesizing Unit <FTCE_MXILINX_Counter_12_13>.
    Related source file is "Counter_12.vf".
Unit <FTCE_MXILINX_Counter_12_13> synthesized.


Synthesizing Unit <FTCE_MXILINX_Counter_12_14>.
    Related source file is "Counter_12.vf".
Unit <FTCE_MXILINX_Counter_12_14> synthesized.


Synthesizing Unit <FTCE_MXILINX_Counter_12_15>.
    Related source file is "Counter_12.vf".
Unit <FTCE_MXILINX_Counter_12_15> synthesized.


Synthesizing Unit <FTCE_MXILINX_Counter_12_16>.
    Related source file is "Counter_12.vf".
Unit <FTCE_MXILINX_Counter_12_16> synthesized.


Synthesizing Unit <CB16CE_MXILINX_Counter_12>.
    Related source file is "Counter_12.vf".
Unit <CB16CE_MXILINX_Counter_12> synthesized.


Synthesizing Unit <Counter_12>.
    Related source file is "Counter_12.vf".
WARNING:Xst:646 - Signal <XLXN_2<15:12>> is assigned but never used. This unconnected signal will be trimmed during the optimization process.
Unit <Counter_12> synthesized.


=========================================================================
HDL Synthesis Report

Found no macro
=========================================================================

=========================================================================
*                       Advanced HDL Synthesis                          *
=========================================================================


=========================================================================
Advanced HDL Synthesis Report

Macro Statistics
# Registers                                            : 16
 Flip-Flops                                            : 16

=========================================================================

=========================================================================
*                         Low Level Synthesis                           *
=========================================================================

Optimizing unit <Counter_12> ...

Optimizing unit <NOR16_MXILINX_Counter_12> ...

Optimizing unit <FTCE_MXILINX_Counter_12_1> ...

Optimizing unit <FTCE_MXILINX_Counter_12_2> ...

Optimizing unit <FTCE_MXILINX_Counter_12_3> ...

Optimizing unit <FTCE_MXILINX_Counter_12_4> ...

Optimizing unit <FTCE_MXILINX_Counter_12_5> ...

Optimizing unit <FTCE_MXILINX_Counter_12_6> ...

Optimizing unit <FTCE_MXILINX_Counter_12_7> ...

Optimizing unit <FTCE_MXILINX_Counter_12_8> ...

Optimizing unit <FTCE_MXILINX_Counter_12_9> ...

Optimizing unit <FTCE_MXILINX_Counter_12_10> ...

Optimizing unit <FTCE_MXILINX_Counter_12_11> ...

Optimizing unit <FTCE_MXILINX_Counter_12_12> ...

Optimizing unit <FTCE_MXILINX_Counter_12_13> ...

Optimizing unit <FTCE_MXILINX_Counter_12_14> ...

Optimizing unit <FTCE_MXILINX_Counter_12_15> ...

Optimizing unit <FTCE_MXILINX_Counter_12_16> ...

Optimizing unit <CB16CE_MXILINX_Counter_12> ...

Mapping all equations...
Building and optimizing final netlist ...
Found area constraint ratio of 100 (+ 5) on block Counter_12, actual ratio is 0.

Final Macro Processing ...

=========================================================================
Final Register Report

Macro Statistics
# Registers                                            : 16
 Flip-Flops                                            : 16

=========================================================================

=========================================================================
*                           Partition Report                            *
=========================================================================

Partition Implementation Status
-------------------------------

  No Partitions were found in this design.

-------------------------------

=========================================================================
*                            Final Report                               *
=========================================================================
Final Results
RTL Top Level Output File Name     : Counter_12.ngr
Top Level Output File Name         : Counter_12
Output Format                      : NGC
Optimization Goal                  : Speed
Keep Hierarchy                     : No

Design Statistics
# IOs                              : 4

Cell Usage :
# BELS                             : 43
#      AND2                        : 5
#      AND3                        : 4
#      AND4                        : 4
#      AND5                        : 3
#      BUF                         : 2
#      GND                         : 3
#      MUXCY                       : 1
#      MUXCY_L                     : 3
#      VCC                         : 2
#      XOR2                        : 16
# FlipFlops/Latches                : 16
#      FDCE                        : 16
# Clock Buffers                    : 1
#      BUFGP                       : 1
# IO Buffers                       : 3
#      OBUF                        : 3
# Logical                          : 4
#      NOR4                        : 4
# Others                           : 4
#      FMAP                        : 4
=========================================================================

Device utilization summary:
---------------------------

Selected Device : 3s400pq208-4 

 Number of Slices:                        8  out of   3584     0%  
 Number of Slice Flip Flops:             16  out of   7168     0%  
 Number of IOs:                           4
 Number of bonded IOBs:                   4  out of    141     2%  
 Number of GCLKs:                         1  out of      8    12%  

---------------------------
Partition Resource Summary:
---------------------------

  No Partitions were found in this design.

---------------------------


=========================================================================
TIMING REPORT

NOTE: THESE TIMING NUMBERS ARE ONLY A SYNTHESIS ESTIMATE.
      FOR ACCURATE TIMING INFORMATION PLEASE REFER TO THE TRACE REPORT
      GENERATED AFTER PLACE-and-ROUTE.

Clock Information:
------------------
-----------------------------------+------------------------+-------+
Clock Signal                       | Clock buffer(FF name)  | Load  |
-----------------------------------+------------------------+-------+
CLK                                | BUFGP                  | 16    |
-----------------------------------+------------------------+-------+

Asynchronous Control Signals Information:
----------------------------------------
-----------------------------------+--------------------------+-------+
Control Signal                     | Buffer(FF name)          | Load  |
-----------------------------------+--------------------------+-------+
XLXI_1/N0(XLXI_1/XST_GND:G)        | NONE(XLXI_1/I_Q0/I_36_35)| 16    |
-----------------------------------+--------------------------+-------+

Timing Summary:
---------------
Speed Grade: -4

   Minimum period: 9.046ns (Maximum Frequency: 110.546MHz)
   Minimum input arrival time before clock: No path found
   Maximum output required time after clock: 9.586ns
   Maximum combinational path delay: No path found

Timing Detail:
--------------
All values displayed in nanoseconds (ns)

=========================================================================
Timing constraint: Default period analysis for Clock 'CLK'
  Clock period: 9.046ns (frequency: 110.546MHz)
  Total number of paths / destination ports: 136 / 16
-------------------------------------------------------------------------
Delay:               9.046ns (Levels of Logic = 6)
  Source:            XLXI_1/I_Q0/I_36_35 (FF)
  Destination:       XLXI_1/I_Q13/I_36_35 (FF)
  Source Clock:      CLK rising
  Destination Clock: CLK rising

  Data Path: XLXI_1/I_Q0/I_36_35 to XLXI_1/I_Q13/I_36_35
                                Gate     Net
    Cell:in->out      fanout   Delay   Delay  Logical Name (Net Name)
    ----------------------------------------  ------------
     FDCE:C->Q             6   0.720   1.003  I_36_35 (Q)
     end scope: 'I_Q0'
     AND4:I3->O            5   0.551   0.921  I_36_10 (T4)
     AND5:I4->O            5   0.551   0.921  I_36_14 (T8)
     AND5:I4->O            5   0.551   0.921  I_36_29 (T12)
     AND2:I1->O            1   0.551   0.801  I_36_23 (T13)
     begin scope: 'I_Q13'
     XOR2:I0->O            1   0.551   0.801  I_36_32 (TQ)
     FDCE:D                    0.203          I_36_35
    ----------------------------------------
    Total                      9.046ns (3.678ns logic, 5.368ns route)
                                       (40.7% logic, 59.3% route)

=========================================================================
Timing constraint: Default OFFSET OUT AFTER for Clock 'CLK'
  Total number of paths / destination ports: 14 / 3
-------------------------------------------------------------------------
Offset:              9.586ns (Levels of Logic = 7)
  Source:            XLXI_1/I_Q8/I_36_35 (FF)
  Destination:       CLR (PAD)
  Source Clock:      CLK rising

  Data Path: XLXI_1/I_Q8/I_36_35 to CLR
                                Gate     Net
    Cell:in->out      fanout   Delay   Delay  Logical Name (Net Name)
    ----------------------------------------  ------------
     FDCE:C->Q             6   0.720   1.003  I_36_35 (Q)
     end scope: 'I_Q8'
     end scope: 'XLXI_1'
     begin scope: 'XLXI_2'
     NOR4:I3->O            1   0.551   0.000  I_36_127 (S1)
     MUXCY_L:S->LO         1   0.500   0.000  I_36_129 (C1)
     MUXCY_L:CI->LO        1   0.064   0.000  I_36_147 (C2)
     MUXCY:CI->O           1   0.303   0.801  I_36_165 (O)
     end scope: 'XLXI_2'
     OBUF:I->O                 5.644          CLR_OBUF (CLR)
    ----------------------------------------
    Total                      9.586ns (7.782ns logic, 1.804ns route)
                                       (81.2% logic, 18.8% route)

=========================================================================


Total REAL time to Xst completion: 7.00 secs
Total CPU time to Xst completion: 6.32 secs
 
--> 

Total memory usage is 231764 kilobytes

Number of errors   :    0 (   0 filtered)
Number of warnings :    3 (   0 filtered)
Number of infos    :    0 (   0 filtered)

