Release 14.2 - ngc2edif P.28xd (nt64)
Copyright (c) 1995-2012 Xilinx, Inc.  All rights reserved.
Reading design Fial_Combine.ngc ...
WARNING:NetListWriters:298 - No output is written to Fial_Combine.xncf, ignored.
Processing design ...
   Preping design's networks ...
   Preping design's macros ...
  finished :Prep
Writing EDIF netlist file Fial_Combine.edif ...
ngc2edif: Total memory usage is 80220 kilobytes

Release 14.2 - ngc2edif P.28xd (nt64)
Copyright (c) 1995-2012 Xilinx, Inc.  All rights reserved.
Reading design anglecounter.ngc ...
WARNING:NetListWriters:298 - No output is written to anglecounter.xncf, ignored.
Processing design ...
   Preping design's networks ...
   Preping design's macros ...
WARNING:NetListWriters:306 - Signal bus XLXN_40<7 : 0> on block anglecounter is
   not reconstructed, because there are some missing bus signals.
  finished :Prep
Writing EDIF netlist file anglecounter.edif ...
ngc2edif: Total memory usage is 76124 kilobytes

