Release 14.2 - ngc2edif P.28xd (nt64)
Copyright (c) 1995-2012 Xilinx, Inc.  All rights reserved.
Reading design FIRA_2_0.ngc ...
WARNING:NetListWriters:298 - No output is written to FIRA_2_0.xncf, ignored.
Processing design ...
   Preping design's networks ...
   Preping design's macros ...
  finished :Prep
Writing EDIF netlist file FIRA_2_0.edif ...
ngc2edif: Total memory usage is 84084 kilobytes

Release 14.2 - ngc2edif P.28xd (nt64)
Copyright (c) 1995-2012 Xilinx, Inc.  All rights reserved.
Reading design FIRA_2_0.ngc ...
WARNING:NetListWriters:298 - No output is written to FIRA_2_0.xncf, ignored.
Processing design ...
   Preping design's networks ...
   Preping design's macros ...
  finished :Prep
Writing EDIF netlist file FIRA_2_0.edif ...
ngc2edif: Total memory usage is 84404 kilobytes

Release 14.2 - ngc2edif P.28xd (nt64)
Copyright (c) 1995-2012 Xilinx, Inc.  All rights reserved.
Reading design FIRA_2_0.ngc ...
WARNING:NetListWriters:298 - No output is written to FIRA_2_0.xncf, ignored.
Processing design ...
   Preping design's networks ...
   Preping design's macros ...
  finished :Prep
Writing EDIF netlist file FIRA_2_0.edif ...
ngc2edif: Total memory usage is 84212 kilobytes

