
****** PlanAhead v14.2 (64-bit)
  **** Build 194362 by xbuild on Fri Jul 20 18:52:11 MDT 2012
    ** Copyright 1986-1999, 2001-2012 Xilinx, Inc. All Rights Reserved.

INFO: [Common 17-78] Attempting to get a license: PlanAhead
INFO: [Common 17-290] Got license for PlanAhead
INFO: [Device 21-36] Loading parts and site information from C:/Xilinx/14.2/ISE_DS/PlanAhead/data/parts/arch.xml
Parsing RTL primitives file [C:/Xilinx/14.2/ISE_DS/PlanAhead/data/parts/xilinx/rtl/prims/rtl_prims.xml]
Finished parsing RTL primitives file [C:/Xilinx/14.2/ISE_DS/PlanAhead/data/parts/xilinx/rtl/prims/rtl_prims.xml]
start_gui
source E:/FPGA_Xilinx/FIRA_2.0/pa.fromNetlist.tcl
# create_project -name FIRA_2.0 -dir "E:/FPGA_Xilinx/FIRA_2.0/planAhead_run_1" -part xc3s250ecp132-5
Parsing template File [C:/Xilinx/14.2/ISE_DS/ISE/data/projnav/templates/verilog.xml].
Finished parsing template File [C:/Xilinx/14.2/ISE_DS/ISE/data/projnav/templates/verilog.xml].
Parsing template File [C:/Xilinx/14.2/ISE_DS/ISE/data/projnav/templates/vhdl.xml].
Finished parsing template File [C:/Xilinx/14.2/ISE_DS/ISE/data/projnav/templates/vhdl.xml].
Parsing template File [C:/Xilinx/14.2/ISE_DS/ISE/data/projnav/templates/ucf.xml].
Finished parsing template File [C:/Xilinx/14.2/ISE_DS/ISE/data/projnav/templates/ucf.xml].
# set_property design_mode GateLvl [get_property srcset [current_run -impl]]
# set_property edif_top_file "E:/FPGA_Xilinx/FIRA_2.0/FIRA_2_0.ngc" [ get_property srcset [ current_run ] ]
# add_files -norecurse { {E:/FPGA_Xilinx/FIRA_2.0} }
# set_property target_constrs_file "FIRA_2_0.ucf" [current_fileset -constrset]
Adding file 'E:/FPGA_Xilinx/FIRA_2.0/FIRA_2_0.ucf' to fileset 'constrs_1'
# add_files [list {FIRA_2_0.ucf}] -fileset [get_property constrset [current_run]]
# link_design
Design is defaulting to srcset: sources_1
Design is defaulting to constrset: constrs_1
Design is defaulting to project part: xc3s250ecp132-5
Release 14.2 - ngc2edif P.28xd (nt64)
Copyright (c) 1995-2012 Xilinx, Inc.  All rights reserved.
Reading design FIRA_2_0.ngc ...
WARNING:NetListWriters:298 - No output is written to FIRA_2_0.xncf, ignored.
Processing design ...
   Preping design's networks ...
   Preping design's macros ...
  finished :Prep
Writing EDIF netlist file FIRA_2_0.edif ...
ngc2edif: Total memory usage is 84212 kilobytes

Parsing EDIF File [./planAhead_run_1/FIRA_2.0.data/cache/FIRA_2_0_ngc_4a3a813d.edif]
Finished Parsing EDIF File [./planAhead_run_1/FIRA_2.0.data/cache/FIRA_2_0_ngc_4a3a813d.edif]
CRITICAL WARNING: [EDIF 20-96] Could not resolve non-primitive black box cell 'FMAP' defined in file 'FIRA_2_0.ngc' instantiated as 'XLXI_2/XLXI_3/XLXI_1/XLXI_68/I_36_175'.
INFO: [Designutils 20-910] Reading macro library C:/Xilinx/14.2/ISE_DS/PlanAhead/data\./parts/xilinx/spartan3e/spartan3e/hd_int_macros.edn
Parsing EDIF File [C:/Xilinx/14.2/ISE_DS/PlanAhead/data\./parts/xilinx/spartan3e/spartan3e/hd_int_macros.edn]
Finished Parsing EDIF File [C:/Xilinx/14.2/ISE_DS/PlanAhead/data\./parts/xilinx/spartan3e/spartan3e/hd_int_macros.edn]
Loading clock regions from C:/Xilinx/14.2/ISE_DS/PlanAhead/data\parts/xilinx/spartan3e/spartan3e/xc3s250e/ClockRegion.xml
Loading clock buffers from C:/Xilinx/14.2/ISE_DS/PlanAhead/data\parts/xilinx/spartan3e/spartan3e/xc3s250e/ClockBuffers.xml
Loading package from C:/Xilinx/14.2/ISE_DS/PlanAhead/data\parts/xilinx/spartan3e/spartan3e/xc3s250e/cp132/Package.xml
Loading io standards from C:/Xilinx/14.2/ISE_DS/PlanAhead/data\./parts/xilinx/spartan3e/IOStandards.xml
INFO: [Device 21-19] Loading pkg sso from C:/Xilinx/14.2/ISE_DS/PlanAhead/data\parts/xilinx/spartan3e/spartan3e/xc3s250e/cp132/SSORules.xml
Loading list of drcs for the architecture : C:/Xilinx/14.2/ISE_DS/PlanAhead/data\./parts/xilinx/spartan3e/spartan3e/drc.xml
INFO: [Timing 38-77] Reading timing library C:/Xilinx/14.2/ISE_DS/PlanAhead/data\parts/xilinx/spartan3e/spartan3e/spartan3e-5.lib.
INFO: [Timing 38-34] Done reading timing library C:/Xilinx/14.2/ISE_DS/PlanAhead/data\parts/xilinx/spartan3e/spartan3e/spartan3e-5.lib.
Parsing UCF File [E:/FPGA_Xilinx/FIRA_2.0/FIRA_2_0.ucf]
Finished Parsing UCF File [E:/FPGA_Xilinx/FIRA_2.0/FIRA_2_0.ucf]
INFO: [Project 1-111] Unisim Transformation Summary:
  A total of 1 instances were transformed.
  BUFGP => BUFGP (HD_IBUFG, HD_BUFG): 1 instances

Phase 0 | Netlist Checksum: ca20bf2d
link_design: Time (s): elapsed = 00:00:09 . Memory (MB): peak = 492.371 ; gain = 88.656
exit
INFO: [Common 17-206] Exiting PlanAhead...
INFO: [Common 17-83] Releasing license: PlanAhead
