Release 14.2 - xst P.28xd (nt)
Copyright (c) 1995-2012 Xilinx, Inc.  All rights reserved.
--> Parameter TMPDIR set to xst/projnav.tmp


Total REAL time to Xst completion: 0.00 secs
Total CPU time to Xst completion: 0.29 secs
 
--> Parameter xsthdpdir set to xst


Total REAL time to Xst completion: 0.00 secs
Total CPU time to Xst completion: 0.29 secs
 
--> Reading design: bit10datareg_to_transmit.prj

TABLE OF CONTENTS
  1) Synthesis Options Summary
  2) HDL Compilation
  3) Design Hierarchy Analysis
  4) HDL Analysis
  5) HDL Synthesis
     5.1) HDL Synthesis Report
  6) Advanced HDL Synthesis
     6.1) Advanced HDL Synthesis Report
  7) Low Level Synthesis
  8) Partition Report
  9) Final Report
	9.1) Device utilization summary
	9.2) Partition Resource Summary
	9.3) TIMING REPORT


=========================================================================
*                      Synthesis Options Summary                        *
=========================================================================
---- Source Parameters
Input File Name                    : "bit10datareg_to_transmit.prj"
Input Format                       : mixed
Ignore Synthesis Constraint File   : NO

---- Target Parameters
Output File Name                   : "bit10datareg_to_transmit"
Output Format                      : NGC
Target Device                      : xc3s250e-5-cp132

---- Source Options
Top Module Name                    : bit10datareg_to_transmit
Automatic FSM Extraction           : YES
FSM Encoding Algorithm             : Auto
Safe Implementation                : No
FSM Style                          : LUT
RAM Extraction                     : Yes
RAM Style                          : Auto
ROM Extraction                     : Yes
Mux Style                          : Auto
Decoder Extraction                 : YES
Priority Encoder Extraction        : Yes
Shift Register Extraction          : YES
Logical Shifter Extraction         : YES
XOR Collapsing                     : YES
ROM Style                          : Auto
Mux Extraction                     : Yes
Resource Sharing                   : YES
Asynchronous To Synchronous        : NO
Multiplier Style                   : Auto
Automatic Register Balancing       : No

---- Target Options
Add IO Buffers                     : YES
Global Maximum Fanout              : 100000
Add Generic Clock Buffer(BUFG)     : 24
Register Duplication               : YES
Slice Packing                      : YES
Optimize Instantiated Primitives   : NO
Use Clock Enable                   : Yes
Use Synchronous Set                : Yes
Use Synchronous Reset              : Yes
Pack IO Registers into IOBs        : Auto
Equivalent register Removal        : YES

---- General Options
Optimization Goal                  : Speed
Optimization Effort                : 1
Keep Hierarchy                     : No
Netlist Hierarchy                  : As_Optimized
RTL Output                         : Yes
Global Optimization                : AllClockNets
Read Cores                         : YES
Write Timing Constraints           : NO
Cross Clock Analysis               : NO
Hierarchy Separator                : /
Bus Delimiter                      : <>
Case Specifier                     : Maintain
Slice Utilization Ratio            : 100
BRAM Utilization Ratio             : 100
Verilog 2001                       : YES
Auto BRAM Packing                  : NO
Slice Utilization Ratio Delta      : 5

=========================================================================


=========================================================================
*                          HDL Compilation                              *
=========================================================================
Compiling verilog file "bit10datareg_to_transmit.vf" in library work
Module <bit10datareg_to_transmit> compiled
No errors in compilation
Analysis of file <"bit10datareg_to_transmit.prj"> succeeded.
 

=========================================================================
*                     Design Hierarchy Analysis                         *
=========================================================================
Analyzing hierarchy for module <bit10datareg_to_transmit> in library <work>.


=========================================================================
*                            HDL Analysis                               *
=========================================================================
Analyzing top module <bit10datareg_to_transmit>.
Module <bit10datareg_to_transmit> is correct for synthesis.
 
    Set user-defined property "INIT =  0" for instance <XLXI_60> in unit <bit10datareg_to_transmit>.
    Set user-defined property "INIT =  0" for instance <XLXI_61> in unit <bit10datareg_to_transmit>.
    Set user-defined property "INIT =  0" for instance <XLXI_62> in unit <bit10datareg_to_transmit>.
    Set user-defined property "INIT =  0" for instance <XLXI_63> in unit <bit10datareg_to_transmit>.
    Set user-defined property "INIT =  0" for instance <XLXI_64> in unit <bit10datareg_to_transmit>.
    Set user-defined property "INIT =  0" for instance <XLXI_65> in unit <bit10datareg_to_transmit>.
    Set user-defined property "INIT =  0" for instance <XLXI_66> in unit <bit10datareg_to_transmit>.
    Set user-defined property "INIT =  0" for instance <XLXI_67> in unit <bit10datareg_to_transmit>.
    Set user-defined property "INIT =  0" for instance <XLXI_68> in unit <bit10datareg_to_transmit>.
    Set user-defined property "INIT =  0" for instance <XLXI_69> in unit <bit10datareg_to_transmit>.
    Set user-defined property "INIT =  0" for instance <XLXI_71> in unit <bit10datareg_to_transmit>.

=========================================================================
*                           HDL Synthesis                               *
=========================================================================

Performing bidirectional port resolution...

Synthesizing Unit <bit10datareg_to_transmit>.
    Related source file is "bit10datareg_to_transmit.vf".
Unit <bit10datareg_to_transmit> synthesized.


=========================================================================
HDL Synthesis Report

Found no macro
=========================================================================

=========================================================================
*                       Advanced HDL Synthesis                          *
=========================================================================


=========================================================================
Advanced HDL Synthesis Report

Macro Statistics
# Registers                                            : 11
 Flip-Flops                                            : 11

=========================================================================

=========================================================================
*                         Low Level Synthesis                           *
=========================================================================

Optimizing unit <bit10datareg_to_transmit> ...

Mapping all equations...
Building and optimizing final netlist ...
Found area constraint ratio of 100 (+ 5) on block bit10datareg_to_transmit, actual ratio is 0.

Final Macro Processing ...

=========================================================================
Final Register Report

Macro Statistics
# Registers                                            : 11
 Flip-Flops                                            : 11

=========================================================================

=========================================================================
*                           Partition Report                            *
=========================================================================

Partition Implementation Status
-------------------------------

  No Partitions were found in this design.

-------------------------------

=========================================================================
*                            Final Report                               *
=========================================================================
Final Results
RTL Top Level Output File Name     : bit10datareg_to_transmit.ngr
Top Level Output File Name         : bit10datareg_to_transmit
Output Format                      : NGC
Optimization Goal                  : Speed
Keep Hierarchy                     : No

Design Statistics
# IOs                              : 14

Cell Usage :
# BELS                             : 20
#      LUT1                        : 10
#      MUXCY                       : 10
# FlipFlops/Latches                : 11
#      FD                          : 11
# Clock Buffers                    : 1
#      BUFGP                       : 1
# IO Buffers                       : 13
#      IBUF                        : 12
#      OBUF                        : 1
=========================================================================

Device utilization summary:
---------------------------

Selected Device : 3s250ecp132-5 

 Number of Slices:                       21  out of   2448     0%  
 Number of Slice Flip Flops:             11  out of   4896     0%  
 Number of 4 input LUTs:                 10  out of   4896     0%  
 Number of IOs:                          14
 Number of bonded IOBs:                  14  out of     92    15%  
 Number of GCLKs:                         1  out of     24     4%  

---------------------------
Partition Resource Summary:
---------------------------

  No Partitions were found in this design.

---------------------------


=========================================================================
TIMING REPORT

NOTE: THESE TIMING NUMBERS ARE ONLY A SYNTHESIS ESTIMATE.
      FOR ACCURATE TIMING INFORMATION PLEASE REFER TO THE TRACE REPORT
      GENERATED AFTER PLACE-and-ROUTE.

Clock Information:
------------------
-----------------------------------+------------------------+-------+
Clock Signal                       | Clock buffer(FF name)  | Load  |
-----------------------------------+------------------------+-------+
CLK                                | BUFGP                  | 11    |
-----------------------------------+------------------------+-------+

Asynchronous Control Signals Information:
----------------------------------------
No asynchronous control signals found in this design

Timing Summary:
---------------
Speed Grade: -5

   Minimum period: 1.428ns (Maximum Frequency: 700.525MHz)
   Minimum input arrival time before clock: 3.529ns
   Maximum output required time after clock: 4.040ns
   Maximum combinational path delay: No path found

Timing Detail:
--------------
All values displayed in nanoseconds (ns)

=========================================================================
Timing constraint: Default period analysis for Clock 'CLK'
  Clock period: 1.428ns (frequency: 700.525MHz)
  Total number of paths / destination ports: 10 / 10
-------------------------------------------------------------------------
Delay:               1.428ns (Levels of Logic = 1)
  Source:            XLXI_71 (FF)
  Destination:       XLXI_60 (FF)
  Source Clock:      CLK rising
  Destination Clock: CLK rising

  Data Path: XLXI_71 to XLXI_60
                                Gate     Net
    Cell:in->out      fanout   Delay   Delay  Logical Name (Net Name)
    ----------------------------------------  ------------
     FD:C->Q               1   0.514   0.357  XLXI_71 (XLXN_153)
     MUXCY:CI->O           1   0.289   0.000  XLXI_72 (XLXN_137)
     FD:D                      0.268          XLXI_60
    ----------------------------------------
    Total                      1.428ns (1.071ns logic, 0.357ns route)
                                       (75.0% logic, 25.0% route)

=========================================================================
Timing constraint: Default OFFSET IN BEFORE for Clock 'CLK'
  Total number of paths / destination ports: 21 / 11
-------------------------------------------------------------------------
Offset:              3.529ns (Levels of Logic = 3)
  Source:            S (PAD)
  Destination:       XLXI_60 (FF)
  Destination Clock: CLK rising

  Data Path: S to XLXI_60
                                Gate     Net
    Cell:in->out      fanout   Delay   Delay  Logical Name (Net Name)
    ----------------------------------------  ------------
     IBUF:I->O            10   1.106   0.902  S_IBUF (S_IBUF)
     LUT1:I0->O            1   0.612   0.000  XLXI_28_rt (XLXI_28_rt)
     MUXCY:S->O            1   0.641   0.000  XLXI_28 (XLXN_80)
     FD:D                      0.268          XLXI_61
    ----------------------------------------
    Total                      3.529ns (2.627ns logic, 0.902ns route)
                                       (74.4% logic, 25.6% route)

=========================================================================
Timing constraint: Default OFFSET OUT AFTER for Clock 'CLK'
  Total number of paths / destination ports: 1 / 1
-------------------------------------------------------------------------
Offset:              4.040ns (Levels of Logic = 1)
  Source:            XLXI_69 (FF)
  Destination:       Serial_output (PAD)
  Source Clock:      CLK rising

  Data Path: XLXI_69 to Serial_output
                                Gate     Net
    Cell:in->out      fanout   Delay   Delay  Logical Name (Net Name)
    ----------------------------------------  ------------
     FD:C->Q               1   0.514   0.357  XLXI_69 (Serial_output_OBUF)
     OBUF:I->O                 3.169          Serial_output_OBUF (Serial_output)
    ----------------------------------------
    Total                      4.040ns (3.683ns logic, 0.357ns route)
                                       (91.2% logic, 8.8% route)

=========================================================================


Total REAL time to Xst completion: 5.00 secs
Total CPU time to Xst completion: 4.94 secs
 
--> 

Total memory usage is 189940 kilobytes

Number of errors   :    0 (   0 filtered)
Number of warnings :    0 (   0 filtered)
Number of infos    :    0 (   0 filtered)

